[2021-07-20 09:25:08.689] [exthost] [info] extension host started
[2021-07-20 09:25:09.594] [exthost] [info] ExtensionService#_doActivateExtension vscode.microsoft-authentication {"startup":false,"extensionId":{"value":"vscode.microsoft-authentication","_lower":"vscode.microsoft-authentication"},"activationEvent":"onAuthenticationRequest:microsoft"}
[2021-07-20 09:25:09.595] [exthost] [info] ExtensionService#loadCommonJSModule file:///var/lib/snapd/snap/code/70/usr/share/code/resources/app/extensions/microsoft-authentication/dist/extension.js
[2021-07-20 09:25:09.759] [exthost] [info] ExtensionService#_doActivateExtension vscode.debug-auto-launch {"startup":true,"extensionId":{"value":"vscode.debug-auto-launch","_lower":"vscode.debug-auto-launch"},"activationEvent":"*"}
[2021-07-20 09:25:09.759] [exthost] [info] ExtensionService#loadCommonJSModule file:///var/lib/snapd/snap/code/70/usr/share/code/resources/app/extensions/debug-auto-launch/dist/extension
[2021-07-20 09:25:09.793] [exthost] [info] ExtensionService#_doActivateExtension vscode.git {"startup":true,"extensionId":{"value":"vscode.github","_lower":"vscode.github"},"activationEvent":"*"}
[2021-07-20 09:25:09.793] [exthost] [info] ExtensionService#loadCommonJSModule file:///var/lib/snapd/snap/code/70/usr/share/code/resources/app/extensions/git/dist/main
[2021-07-20 09:25:10.375] [exthost] [info] ExtensionService#_doActivateExtension RobbOwen.synthwave-vscode {"startup":true,"extensionId":{"value":"RobbOwen.synthwave-vscode","_lower":"robbowen.synthwave-vscode"},"activationEvent":"*"}
[2021-07-20 09:25:10.375] [exthost] [info] ExtensionService#loadCommonJSModule file:///root/.vscode/extensions/robbowen.synthwave-vscode-0.1.8/src/extension.js
[2021-07-20 09:25:11.754] [exthost] [info] ExtensionService#_doActivateExtension vscode.github {"startup":true,"extensionId":{"value":"vscode.github","_lower":"vscode.github"},"activationEvent":"*"}
[2021-07-20 09:25:11.754] [exthost] [info] ExtensionService#loadCommonJSModule file:///var/lib/snapd/snap/code/70/usr/share/code/resources/app/extensions/github/dist/extension.js
[2021-07-20 09:25:11.839] [exthost] [info] eager extensions activated
[2021-07-20 09:25:12.000] [exthost] [info] ExtensionService#_doActivateExtension ms-vscode.js-debug {"startup":false,"extensionId":{"value":"ms-vscode.js-debug","_lower":"ms-vscode.js-debug"},"activationEvent":"onCommand:extension.js-debug.clearAutoAttachVariables"}
[2021-07-20 09:25:12.001] [exthost] [info] ExtensionService#loadCommonJSModule file:///var/lib/snapd/snap/code/70/usr/share/code/resources/app/extensions/ms-vscode.js-debug/src/extension.js
[2021-07-20 09:25:13.281] [exthost] [info] ExtensionService#_doActivateExtension vscode.emmet {"startup":false,"extensionId":{"value":"vscode.emmet","_lower":"vscode.emmet"},"activationEvent":"onStartupFinished"}
[2021-07-20 09:25:13.283] [exthost] [info] ExtensionService#loadCommonJSModule file:///var/lib/snapd/snap/code/70/usr/share/code/resources/app/extensions/emmet/dist/node/emmetNodeMain
[2021-07-20 09:25:13.345] [exthost] [info] ExtensionService#_doActivateExtension vscode.merge-conflict {"startup":false,"extensionId":{"value":"vscode.merge-conflict","_lower":"vscode.merge-conflict"},"activationEvent":"onStartupFinished"}
[2021-07-20 09:25:13.345] [exthost] [info] ExtensionService#loadCommonJSModule file:///var/lib/snapd/snap/code/70/usr/share/code/resources/app/extensions/merge-conflict/dist/mergeConflictMain
[2021-07-20 09:25:13.361] [exthost] [info] ExtensionService#_doActivateExtension vscode.testing-editor-contributions {"startup":false,"extensionId":{"value":"vscode.testing-editor-contributions","_lower":"vscode.testing-editor-contributions"},"activationEvent":"onStartupFinished"}
[2021-07-20 09:25:13.362] [exthost] [info] ExtensionService#loadCommonJSModule file:///var/lib/snapd/snap/code/70/usr/share/code/resources/app/extensions/testing-editor-contributions/dist/extension.js
[2021-07-20 09:25:13.885] [exthost] [info] ExtensionService#_doActivateExtension vscode.github-authentication {"startup":false,"extensionId":{"value":"vscode.github-authentication","_lower":"vscode.github-authentication"},"activationEvent":"onAuthenticationRequest:github"}
[2021-07-20 09:25:13.886] [exthost] [info] ExtensionService#loadCommonJSModule file:///var/lib/snapd/snap/code/70/usr/share/code/resources/app/extensions/github-authentication/dist/extension.js
[2021-07-20 09:25:46.166] [exthost] [info] ExtensionService#_doActivateExtension vscode.html-language-features {"startup":false,"extensionId":{"value":"vscode.html-language-features","_lower":"vscode.html-language-features"},"activationEvent":"onLanguage:html"}
[2021-07-20 09:25:46.167] [exthost] [info] ExtensionService#loadCommonJSModule file:///var/lib/snapd/snap/code/70/usr/share/code/resources/app/extensions/html-language-features/client/dist/node/htmlClientMain
[2021-07-20 09:25:59.468] [exthost] [info] extension host terminating: renderer closed the socket
[2021-07-20 09:26:00.503] [exthost] [info] exiting with code 0
